<?xml version="1.0" encoding="UTF-8"?>
<!-- Generated by org.testng.reporters.JUnitReportReporter -->
<testsuite hostname="LAPTOP-VVFFD6DA" failures="0" tests="4" name="avallainrelease.Avallainrele1" time="149.347" errors="0" timestamp="2021-03-22T14:13:58 IST" skipped="0">
  <testcase classname="avallainrelease.Avallainrele1" name="login" time="80.315"/>
  <system-out/>
  <testcase classname="avallainrelease.Avallainrele1" name="dashboard" time="7.046"/>
  <system-out/>
  <testcase classname="avallainrelease.Avallainrele1" name="Activity1" time="43.221"/>
  <system-out/>
  <testcase classname="avallainrelease.Avallainrele1" name="Activity2" time="18.765"/>
  <system-out/>
</testsuite> <!-- avallainrelease.Avallainrele1 -->
