<?xml version="1.0" encoding="UTF-8"?>
<!-- Generated by org.testng.reporters.JUnitReportReporter -->
<testsuite hostname="LAPTOP-VVFFD6DA" failures="0" tests="4" name="avallainrelease.Avallainrele1" time="336.872" errors="0" timestamp="2021-03-15T11:31:02 IST" skipped="0">
  <testcase classname="avallainrelease.Avallainrele1" name="login" time="283.513"/>
  <system-out/>
  <testcase classname="avallainrelease.Avallainrele1" name="dashboard" time="19.359"/>
  <system-out/>
  <testcase classname="avallainrelease.Avallainrele1" name="openactivity" time="14.999"/>
  <system-out/>
  <testcase classname="avallainrelease.Avallainrele1" name="Activity2" time="19.001"/>
  <system-out/>
</testsuite> <!-- avallainrelease.Avallainrele1 -->
