<?xml version="1.0" encoding="UTF-8"?>
<!-- Generated by org.testng.reporters.JUnitReportReporter -->
<testsuite hostname="LAPTOP-VVFFD6DA" failures="0" tests="4" name="avallainrelease.Avallainrele1" time="138.756" errors="0" timestamp="2021-03-18T11:32:31 IST" skipped="0">
  <testcase classname="avallainrelease.Avallainrele1" name="login" time="98.719"/>
  <system-out/>
  <testcase classname="avallainrelease.Avallainrele1" name="dashboard" time="7.393"/>
  <system-out/>
  <testcase classname="avallainrelease.Avallainrele1" name="openactivity" time="13.776"/>
  <system-out/>
  <testcase classname="avallainrelease.Avallainrele1" name="Activity2" time="18.868"/>
  <system-out/>
</testsuite> <!-- avallainrelease.Avallainrele1 -->
