<?xml version="1.0" encoding="UTF-8"?>
<!-- Generated by org.testng.reporters.JUnitReportReporter -->
<testsuite hostname="LAPTOP-VVFFD6DA" failures="0" tests="4" name="avallainrelease.Avallainrele1" time="209.070" errors="0" timestamp="2021-03-19T11:19:50 IST" skipped="0">
  <testcase classname="avallainrelease.Avallainrele1" name="login" time="132.561"/>
  <system-out/>
  <testcase classname="avallainrelease.Avallainrele1" name="dashboard" time="9.844"/>
  <system-out/>
  <testcase classname="avallainrelease.Avallainrele1" name="Activity1" time="47.692"/>
  <system-out/>
  <testcase classname="avallainrelease.Avallainrele1" name="Activity2" time="18.973"/>
  <system-out/>
</testsuite> <!-- avallainrelease.Avallainrele1 -->
