<?xml version="1.0" encoding="UTF-8"?>
<!-- Generated by org.testng.reporters.JUnitReportReporter -->
<testsuite hostname="LAPTOP-VVFFD6DA" failures="0" tests="4" name="avallainrelease.Avallainrele1" time="317.665" errors="0" timestamp="2021-03-26T12:34:56 IST" skipped="0">
  <testcase classname="avallainrelease.Avallainrele1" name="login" time="240.495"/>
  <system-out/>
  <testcase classname="avallainrelease.Avallainrele1" name="dashboard" time="10.744"/>
  <system-out/>
  <testcase classname="avallainrelease.Avallainrele1" name="Activity1" time="47.353"/>
  <system-out/>
  <testcase classname="avallainrelease.Avallainrele1" name="Activity2" time="19.073"/>
  <system-out/>
</testsuite> <!-- avallainrelease.Avallainrele1 -->
