<?xml version="1.0" encoding="UTF-8"?>
<!-- Generated by org.testng.reporters.JUnitReportReporter -->
<testsuite hostname="LAPTOP-VVFFD6DA" failures="0" tests="4" name="avallainrelease.Avallainrele1" time="170.522" errors="0" timestamp="2021-03-18T12:34:26 IST" skipped="0">
  <testcase classname="avallainrelease.Avallainrele1" name="login" time="94.409"/>
  <system-out/>
  <testcase classname="avallainrelease.Avallainrele1" name="dashboard" time="11.734"/>
  <system-out/>
  <testcase classname="avallainrelease.Avallainrele1" name="openactivity" time="45.317"/>
  <system-out/>
  <testcase classname="avallainrelease.Avallainrele1" name="Activity2" time="19.062"/>
  <system-out/>
</testsuite> <!-- avallainrelease.Avallainrele1 -->
